lib_mediaplayer_ijkplayer_k0.8.8_ff3.4.13/proguard-rules.pro
# 1
-dontwarn lib.kalu.ijkplayer.util.**
-keep class lib.kalu.ijkplayer.util.** { *; }
# 2
-dontwarn lib.kalu.ijkplayer.misc.**
-keep class lib.kalu.ijkplayer.misc.** { *; }
# 3
-keep class lib.kalu.ijkplayer.IjkMediaPlayer{*;}
-keep class lib.kalu.ijkplayer.IjkTimedText{*;}
-keep class lib.kalu.ijkplayer.IjkMediaMeta{*;}