lib_mediaplayer_ijkplayer_k0.8.8_ff3.4.13/build/outputs/mapping/release/seeds.txt
lib.kalu.ijkplayer.IjkTimedText
lib.kalu.ijkplayer.IMediaPlayer$OnSeekCompleteListener
lib.kalu.ijkplayer.misc.IMediaFormat
lib.kalu.ijkplayer.IMediaPlayer$OnBufferingUpdateListener
lib.kalu.ijkplayer.IMediaPlayer$OnCompletionListener
lib.kalu.ijkplayer.IMediaPlayer$OnPreparedListener
lib.kalu.ijkplayer.IMediaPlayer
lib.kalu.ijkplayer.IjkMediaMeta
lib.kalu.ijkplayer.util.IjkLogUtil
lib.kalu.ijkplayer.R
lib.kalu.ijkplayer.misc.IAndroidIO
lib.kalu.ijkplayer.IjkMediaPlayer$OnNativeInvokeListener
lib.kalu.ijkplayer.IjkMediaPlayer
lib.kalu.ijkplayer.misc.IjkTrackInfo
lib.kalu.ijkplayer.IMediaPlayer$OnTimedTextListener
lib.kalu.ijkplayer.IMediaPlayer$OnErrorListener
lib.kalu.ijkplayer.misc.IMediaDataSource
lib.kalu.ijkplayer.IMediaPlayer$OnInfoListener
lib.kalu.ijkplayer.IMediaPlayer$OnVideoSizeChangedListener
lib.kalu.ijkplayer.IjkMediaPlayer: int FFP_PROP_INT64_SELECTED_AUDIO_STREAM
lib.kalu.ijkplayer.IjkMediaPlayer: int FFP_PROP_INT64_CACHE_STATISTIC_FILE_FORWARDS
lib.kalu.ijkplayer.IMediaPlayer: int MEDIA_INFO_COMPONENT_OPEN
lib.kalu.ijkplayer.IjkMediaPlayer: int FFP_PROP_INT64_SHARE_CACHE_DATA
lib.kalu.ijkplayer.BaseMediaPlayer: lib.kalu.ijkplayer.IMediaPlayer$OnBufferingUpdateListener mOnBufferingUpdateListener
lib.kalu.ijkplayer.util.IjkLogUtil: java.lang.String mTag
lib.kalu.ijkplayer.IjkMediaPlayer: int FFP_PROP_FLOAT_DROP_FRAME_RATE
lib.kalu.ijkplayer.IjkMediaPlayer: int OPT_CATEGORY_FORMAT
lib.kalu.ijkplayer.IjkMediaPlayer: long mNativeAndroidIO
lib.kalu.ijkplayer.IjkMediaPlayer: int SDL_FCC_YV12
lib.kalu.ijkplayer.IMediaPlayer: int MEDIA_INFO_NOT_SEEKABLE
lib.kalu.ijkplayer.IjkMediaMeta: java.lang.String IJKM_KEY_FORMAT
lib.kalu.ijkplayer.IjkMediaMeta: java.lang.String IJKM_VAL_TYPE__UNKNOWN
lib.kalu.ijkplayer.IjkMediaPlayer: int PROP_FLOAT_VIDEO_OUTPUT_FRAMES_PER_SECOND
lib.kalu.ijkplayer.IjkMediaPlayer: long mNativeMediaDataSource
lib.kalu.ijkplayer.IjkMediaMeta: long AV_CH_LOW_FREQUENCY
lib.kalu.ijkplayer.IjkMediaMeta: long AV_CH_TOP_FRONT_CENTER
lib.kalu.ijkplayer.IjkMediaMeta: long AV_CH_LAYOUT_OCTAGONAL
lib.kalu.ijkplayer.IjkMediaPlayer$OnNativeInvokeListener: java.lang.String ARG_ERROR
lib.kalu.ijkplayer.IjkMediaPlayer: int FFP_PROP_INT64_AUDIO_DECODER
lib.kalu.ijkplayer.IjkMediaMeta: long AV_CH_TOP_BACK_LEFT
lib.kalu.ijkplayer.IjkMediaPlayer: int MEDIA_SET_VIDEO_SIZE
lib.kalu.ijkplayer.IjkMediaMeta: java.lang.String IJKM_KEY_HEIGHT
lib.kalu.ijkplayer.IjkMediaMeta: long AV_CH_LAYOUT_QUAD
lib.kalu.ijkplayer.IjkMediaMeta: java.lang.String IJKM_KEY_DURATION_US
lib.kalu.ijkplayer.IjkMediaMeta: java.lang.String IJKM_VAL_TYPE__TIMEDTEXT
lib.kalu.ijkplayer.IMediaPlayer: int MEDIA_ERROR_UNKNOWN
lib.kalu.ijkplayer.IjkMediaMeta: android.os.Bundle mMediaMeta
lib.kalu.ijkplayer.IjkMediaMeta: long AV_CH_LAYOUT_2_2
lib.kalu.ijkplayer.IjkMediaPlayer: int FFP_PROP_INT64_AUDIO_CACHED_BYTES
lib.kalu.ijkplayer.IjkMediaPlayer: lib.kalu.ijkplayer.IjkMediaPlayer$EventHandler mEventHandler
lib.kalu.ijkplayer.IjkMediaPlayer: int FFP_PROP_INT64_VIDEO_DECODER
lib.kalu.ijkplayer.IMediaPlayer: int MEDIA_INFO_VIDEO_SEEK_RENDERING_START
lib.kalu.ijkplayer.IMediaPlayer: int MEDIA_INFO_VIDEO_TRACK_LAGGING
lib.kalu.ijkplayer.IjkMediaPlayer: int IJK_LOG_UNKNOWN
lib.kalu.ijkplayer.IjkMediaPlayer: int MEDIA_PREPARED
lib.kalu.ijkplayer.IjkMediaPlayer: int FFP_PROP_INT64_CHANNEL_CONFIG
lib.kalu.ijkplayer.IjkMediaPlayer$OnNativeInvokeListener: java.lang.String ARG_URL
lib.kalu.ijkplayer.IjkMediaPlayer$OnNativeInvokeListener: java.lang.String ARG_FILE_SIZE
lib.kalu.ijkplayer.misc.IMediaFormat: java.lang.String KEY_MIME
lib.kalu.ijkplayer.IjkMediaPlayer: lib.kalu.ijkplayer.IjkMediaPlayer$OnNativeInvokeListener mOnNativeInvokeListener
lib.kalu.ijkplayer.IMediaPlayer: int MEDIA_INFO_METADATA_UPDATE
lib.kalu.ijkplayer.IjkMediaPlayer: android.view.SurfaceHolder[] mSurfaceHolder
lib.kalu.ijkplayer.IjkMediaMeta: long AV_CH_STEREO_LEFT
lib.kalu.ijkplayer.IjkMediaPlayer: int OPT_CATEGORY_CODEC