lib_mediaplayer_ijkplayer_k0.8.8_ff3.4.13/build/outputs/mapping/release/mapping.txt
# compiler: R8
# compiler_version: 8.0.46
# common_typos_disable
# {"id":"com.android.tools.r8.mapping","version":"2.1"}
# pg_map_id: 90e799b
# pg_map_hash: SHA-256 90e799baf5d4136df7c0728f015a4bf8b3080f67ddfef8fe2588d21b152da850
lib.kalu.ijkplayer.BaseMediaPlayer -> lib.kalu.ijkplayer.a:
lib.kalu.ijkplayer.IjkMediaCodecInfo -> lib.kalu.ijkplayer.b:
    java.util.Map sKnownCodecList -> c
    android.media.MediaCodecInfo mCodecInfo -> a
    int mRank -> b
    1:1:void dumpProfileLevels(java.lang.String):0:0 -> a
    2:2:java.lang.String getProfileName(int):0:0 -> a
    2:2:java.lang.String getProfileLevelName(int,int):0 -> a
    3:3:java.lang.String getProfileLevelName(int,int):0:0 -> a
    4:4:java.lang.String getLevelName(int):0:0 -> a
    4:4:java.lang.String getProfileLevelName(int,int):0 -> a
    5:5:java.lang.String getProfileLevelName(int,int):0:0 -> a
    6:6:java.util.Map getKnownCodecList():0:0 -> a
    6:6:lib.kalu.ijkplayer.IjkMediaCodecInfo setupCandidate(android.media.MediaCodecInfo,java.lang.String):0 -> a
    7:7:lib.kalu.ijkplayer.IjkMediaCodecInfo setupCandidate(android.media.MediaCodecInfo,java.lang.String):0:0 -> a
lib.kalu.ijkplayer.IjkMediaMeta -> lib.kalu.ijkplayer.IjkMediaMeta:
    1:1:int getInt(java.lang.String):0:0 -> getInt
    2:2:int getInt(java.lang.String,int):0:0 -> getInt
    1:1:long getLong(java.lang.String):0:0 -> getLong
    2:2:long getLong(java.lang.String,long):0:0 -> getLong
    1:1:java.lang.String lib.kalu.ijkplayer.IjkMediaMeta$IjkStreamMeta.getString(java.lang.String):0:0 -> parse
    1:1:lib.kalu.ijkplayer.IjkMediaMeta parse(android.os.Bundle):0 -> parse
    2:2:lib.kalu.ijkplayer.IjkMediaMeta parse(android.os.Bundle):0:0 -> parse
    3:3:java.lang.String lib.kalu.ijkplayer.IjkMediaMeta$IjkStreamMeta.getString(java.lang.String):0:0 -> parse
    3:3:lib.kalu.ijkplayer.IjkMediaMeta parse(android.os.Bundle):0 -> parse
    4:4:lib.kalu.ijkplayer.IjkMediaMeta parse(android.os.Bundle):0:0 -> parse
    5:5:java.lang.String lib.kalu.ijkplayer.IjkMediaMeta$IjkStreamMeta.getString(java.lang.String):0:0 -> parse
    5:5:lib.kalu.ijkplayer.IjkMediaMeta parse(android.os.Bundle):0 -> parse
    6:6:lib.kalu.ijkplayer.IjkMediaMeta parse(android.os.Bundle):0:0 -> parse
    7:7:java.lang.String lib.kalu.ijkplayer.IjkMediaMeta$IjkStreamMeta.getString(java.lang.String):0:0 -> parse
    7:7:lib.kalu.ijkplayer.IjkMediaMeta parse(android.os.Bundle):0 -> parse
    8:8:lib.kalu.ijkplayer.IjkMediaMeta parse(android.os.Bundle):0:0 -> parse
    9:9:java.lang.String lib.kalu.ijkplayer.IjkMediaMeta$IjkStreamMeta.getString(java.lang.String):0:0 -> parse
lib.kalu.ijkplayer.IjkMediaMeta$IjkStreamMeta -> lib.kalu.ijkplayer.c:
    android.os.Bundle mMeta -> a
    int mSampleRate -> j
    long mBitrate -> e
    int mSarNum -> h
    int mSarDen -> i
    int mWidth -> f
    int mHeight -> g
    java.lang.String mLanguage -> c
    java.lang.String mType -> b
    java.lang.String mCodecName -> d
    1:1:java.lang.String getBitrateInline():0:0 -> a
    2:2:java.lang.String getString(java.lang.String):0:0 -> a
    2:2:int getInt(java.lang.String,int):0 -> a
    2:2:int getInt(java.lang.String):0 -> a
    3:3:int getInt(java.lang.String,int):0:0 -> a
    3:3:int getInt(java.lang.String):0 -> a
lib.kalu.ijkplayer.IjkMediaPlayer -> lib.kalu.ijkplayer.IjkMediaPlayer:
    1:1:lib.kalu.ijkplayer.misc.ITrackInfo[] getTrackInfo():0:0 -> getTrackInfo
    2:2:lib.kalu.ijkplayer.misc.IjkTrackInfo[] getTrackInfo():0:0 -> getTrackInfo
    1:1:void setDataSource(android.content.Context,android.net.Uri):0:0 -> setDataSource
    2:2:void setDataSource(android.content.Context,android.net.Uri,java.util.Map):0:0 -> setDataSource
    3:3:void setDataSource(java.io.FileDescriptor):0:0 -> setDataSource
    4:4:void setDataSource(java.io.FileDescriptor,long,long):0:0 -> setDataSource
    5:5:void setDataSource(java.lang.String):0:0 -> setDataSource
    6:6:void setDataSource(java.lang.String,java.util.Map):0:0 -> setDataSource
    7:7:void setDataSource(lib.kalu.ijkplayer.misc.IMediaDataSource):0:0 -> setDataSource
    1:1:void setOption(int,java.lang.String,long):0:0 -> setOption
    2:2:void setOption(int,java.lang.String,java.lang.String):0:0 -> setOption