lib_mediaplayer_ijkplayer_k0.8.8_ff3.4.13/build/outputs/mapping/release/usage.txt
lib.kalu.ijkplayer.BaseMediaPlayer:
    public void setDataSource(lib.kalu.ijkplayer.misc.IMediaDataSource)
lib.kalu.ijkplayer.BuildConfig
lib.kalu.ijkplayer.IjkMediaCodecInfo:
    public static final int RANK_ACCEPTABLE
    public static final int RANK_LAST_CHANCE
    public static final int RANK_MAX
    public static final int RANK_NON_STANDARD
    public static final int RANK_NO_SENSE
    public static final int RANK_SECURE
    public static final int RANK_SOFTWARE
    public static final int RANK_TESTED
    private static final java.lang.String TAG
lib.kalu.ijkplayer.IjkMediaMeta$IjkStreamMeta:
    public java.lang.String getChannelLayoutInline()
    public java.lang.String getCodecLongNameInline()
    public java.lang.String getFpsInline()
lib.kalu.ijkplayer.misc.ITrackInfo:
    public static final int MEDIA_TRACK_TYPE_AUDIO
    public static final int MEDIA_TRACK_TYPE_METADATA
    public static final int MEDIA_TRACK_TYPE_SUBTITLE
    public static final int MEDIA_TRACK_TYPE_TIMEDTEXT
    public static final int MEDIA_TRACK_TYPE_UNKNOWN
    public static final int MEDIA_TRACK_TYPE_VIDEO
    public abstract lib.kalu.ijkplayer.misc.IMediaFormat getFormat()
    public abstract java.lang.String getInfoInline()
    public abstract java.lang.String getLanguage()
    public abstract int getTrackType()
lib.kalu.ijkplayer.misc.IjkMediaFormat:
    public static final java.lang.String CODEC_NAME_H264
    public static final java.lang.String KEY_IJK_BIT_RATE_UI
    public static final java.lang.String KEY_IJK_CHANNEL_UI
    public static final java.lang.String KEY_IJK_CODEC_LONG_NAME_UI
    public static final java.lang.String KEY_IJK_CODEC_NAME_UI
    public static final java.lang.String KEY_IJK_CODEC_PIXEL_FORMAT_UI
    public static final java.lang.String KEY_IJK_CODEC_PROFILE_LEVEL_UI
    public static final java.lang.String KEY_IJK_FRAME_RATE_UI
    public static final java.lang.String KEY_IJK_RESOLUTION_UI
    public static final java.lang.String KEY_IJK_SAMPLE_RATE_UI
lib.kalu.ijkplayer.IjkMediaCodecInfo:
    public java.lang.String mMimeType
lib.kalu.ijkplayer.IjkMediaMeta$IjkStreamMeta:
    public long mChannelLayout
    public java.lang.String mCodecLongName
    public java.lang.String mCodecProfile
    public int mFpsDen
    public int mFpsNum
    public final int mIndex
    public int mTbrDen
    public int mTbrNum
    public final java.lang.String getCodecShortNameInline()
    public static int getInt()
    public static long getLong()
    public static long getLong$1()
    public static java.lang.String getResolutionInline()
    public static java.lang.String getSampleRateInline()
    public static java.lang.String getString()
lib.kalu.ijkplayer.IjkMediaPlayer$OnControlMessageListener:
    public abstract java.lang.String onControlResolveSegmentUrl()
lib.kalu.ijkplayer.IjkMediaPlayer$OnMediaCodecSelectListener:
    public abstract java.lang.String onMediaCodecSelect(java.lang.String,int,int)
lib.kalu.ijkplayer.MediaInfo:
    public java.lang.String mAudioDecoder
    public java.lang.String mAudioDecoderImpl
    public java.lang.String mMediaPlayerName
    public lib.kalu.ijkplayer.IjkMediaMeta mMeta
    public java.lang.String mVideoDecoder
    public java.lang.String mVideoDecoderImpl
lib.kalu.ijkplayer.misc.IjkMediaFormat$3:
    public final synthetic lib.kalu.ijkplayer.misc.IjkMediaFormat this$0
lib.kalu.ijkplayer.misc.IjkMediaFormat$4:
    public final synthetic lib.kalu.ijkplayer.misc.IjkMediaFormat this$0
lib.kalu.ijkplayer.misc.IjkMediaFormat$5:
    public final synthetic lib.kalu.ijkplayer.misc.IjkMediaFormat this$0
lib.kalu.ijkplayer.misc.IjkMediaFormat$6:
    public final synthetic lib.kalu.ijkplayer.misc.IjkMediaFormat this$0
lib.kalu.ijkplayer.misc.IjkMediaFormat$7:
    public final synthetic lib.kalu.ijkplayer.misc.IjkMediaFormat this$0
lib.kalu.ijkplayer.misc.IjkMediaFormat$8:
    public final synthetic lib.kalu.ijkplayer.misc.IjkMediaFormat this$0